<?xml version="1.0" encoding="UTF-8"?>
<testng-results skipped="0" failed="1" ignored="0" total="4" passed="3">
  <reporter-output>
  </reporter-output>
  <suite name="Suite" duration-ms="80422" started-at="2021-04-12T16:41:38 BDT" finished-at="2021-04-12T16:42:59 BDT">
    <groups>
    </groups>
    <test name="Home page Login Perform" duration-ms="32533" started-at="2021-04-12T16:41:38 BDT" finished-at="2021-04-12T16:42:11 BDT">
      <class name="PracticeProject.HomePage">
        <test-method status="PASS" signature="initial()[pri:0, instance:PracticeProject.HomePage@20deea7f]" name="initial" is-config="true" duration-ms="4726" started-at="2021-04-12T16:41:39 BDT" finished-at="2021-04-12T16:41:43 BDT">
          <reporter-output>
          </reporter-output>
        </test-method> <!-- initial -->
        <test-method status="PASS" signature="basePageNavigation(java.lang.String, java.lang.String, java.lang.String)[pri:0, instance:PracticeProject.HomePage@20deea7f]" name="basePageNavigation" duration-ms="20242" started-at="2021-04-12T16:41:43 BDT" data-provider="getData" finished-at="2021-04-12T16:42:04 BDT">
          <params>
            <param index="0">
              <value>
                <![CDATA[suparnashil@gmail.com]]>
              </value>
            </param>
            <param index="1">
              <value>
                <![CDATA[1234567]]>
              </value>
            </param>
            <param index="2">
              <value>
                <![CDATA[Restricted]]>
              </value>
            </param>
          </params>
          <reporter-output>
          </reporter-output>
        </test-method> <!-- basePageNavigation -->
        <test-method status="PASS" signature="basePageNavigation(java.lang.String, java.lang.String, java.lang.String)[pri:0, instance:PracticeProject.HomePage@20deea7f]" name="basePageNavigation" duration-ms="6969" started-at="2021-04-12T16:42:04 BDT" data-provider="getData" finished-at="2021-04-12T16:42:10 BDT">
          <params>
            <param index="0">
              <value>
                <![CDATA[chaity@gmail.com]]>
              </value>
            </param>
            <param index="1">
              <value>
                <![CDATA[11111]]>
              </value>
            </param>
            <param index="2">
              <value>
                <![CDATA[Not Restricted]]>
              </value>
            </param>
          </params>
          <reporter-output>
          </reporter-output>
        </test-method> <!-- basePageNavigation -->
        <test-method status="PASS" signature="Ending()[pri:0, instance:PracticeProject.HomePage@20deea7f]" name="Ending" is-config="true" duration-ms="533" started-at="2021-04-12T16:42:10 BDT" finished-at="2021-04-12T16:42:11 BDT">
          <reporter-output>
          </reporter-output>
        </test-method> <!-- Ending -->
      </class> <!-- PracticeProject.HomePage -->
    </test> <!-- Home page Login Perform -->
    <test name="Validated The Navigation Bar" duration-ms="18485" started-at="2021-04-12T16:42:11 BDT" finished-at="2021-04-12T16:42:30 BDT">
      <class name="PracticeProject.ValidateNavbar">
        <test-method status="PASS" signature="initial()[pri:0, instance:PracticeProject.ValidateNavbar@3ce1e309]" name="initial" is-config="true" duration-ms="17795" started-at="2021-04-12T16:42:11 BDT" finished-at="2021-04-12T16:42:29 BDT">
          <reporter-output>
          </reporter-output>
        </test-method> <!-- initial -->
        <test-method status="PASS" signature="BasepageNavbar()[pri:0, instance:PracticeProject.ValidateNavbar@3ce1e309]" name="BasepageNavbar" duration-ms="325" started-at="2021-04-12T16:42:29 BDT" finished-at="2021-04-12T16:42:29 BDT">
          <reporter-output>
          </reporter-output>
        </test-method> <!-- BasepageNavbar -->
        <test-method status="PASS" signature="Ending()[pri:0, instance:PracticeProject.ValidateNavbar@3ce1e309]" name="Ending" is-config="true" duration-ms="360" started-at="2021-04-12T16:42:29 BDT" finished-at="2021-04-12T16:42:30 BDT">
          <reporter-output>
          </reporter-output>
        </test-method> <!-- Ending -->
      </class> <!-- PracticeProject.ValidateNavbar -->
    </test> <!-- Validated The Navigation Bar -->
    <test name="Validate The Title" duration-ms="29370" started-at="2021-04-12T16:42:30 BDT" finished-at="2021-04-12T16:42:59 BDT">
      <class name="PracticeProject.ValidateTitle">
        <test-method status="PASS" signature="initial()[pri:0, instance:PracticeProject.ValidateTitle@5af3afd9]" name="initial" is-config="true" duration-ms="28453" started-at="2021-04-12T16:42:30 BDT" finished-at="2021-04-12T16:42:58 BDT">
          <reporter-output>
          </reporter-output>
        </test-method> <!-- initial -->
        <test-method status="FAIL" signature="basePageNavigation()[pri:0, instance:PracticeProject.ValidateTitle@5af3afd9]" name="basePageNavigation" duration-ms="116" started-at="2021-04-12T16:42:58 BDT" finished-at="2021-04-12T16:42:58 BDT">
          <exception class="junit.framework.ComparisonFailure">
            <message>
              <![CDATA[expected:<...> but was:<... 123>]]>
            </message>
            <full-stacktrace>
              <![CDATA[junit.framework.ComparisonFailure: expected:<...> but was:<... 123>
at junit.framework.Assert.assertEquals(Assert.java:81)
at junit.framework.Assert.assertEquals(Assert.java:87)
at PracticeProject.ValidateTitle.basePageNavigation(ValidateTitle.java:36)
at sun.reflect.NativeMethodAccessorImpl.invoke0(Native Method)
at sun.reflect.NativeMethodAccessorImpl.invoke(NativeMethodAccessorImpl.java:62)
at sun.reflect.DelegatingMethodAccessorImpl.invoke(DelegatingMethodAccessorImpl.java:43)
at java.lang.reflect.Method.invoke(Method.java:498)
at org.testng.internal.MethodInvocationHelper.invokeMethod(MethodInvocationHelper.java:132)
at org.testng.internal.TestInvoker.invokeMethod(TestInvoker.java:599)
at org.testng.internal.TestInvoker.invokeTestMethod(TestInvoker.java:174)
at org.testng.internal.MethodRunner.runInSequence(MethodRunner.java:46)
at org.testng.internal.TestInvoker$MethodInvocationAgent.invoke(TestInvoker.java:822)
at org.testng.internal.TestInvoker.invokeTestMethods(TestInvoker.java:147)
at org.testng.internal.TestMethodWorker.invokeTestMethods(TestMethodWorker.java:146)
at org.testng.internal.TestMethodWorker.run(TestMethodWorker.java:128)
at java.util.ArrayList.forEach(ArrayList.java:1259)
at org.testng.TestRunner.privateRun(TestRunner.java:764)
at org.testng.TestRunner.run(TestRunner.java:585)
at org.testng.SuiteRunner.runTest(SuiteRunner.java:384)
at org.testng.SuiteRunner.runSequentially(SuiteRunner.java:378)
at org.testng.SuiteRunner.privateRun(SuiteRunner.java:337)
at org.testng.SuiteRunner.run(SuiteRunner.java:286)
at org.testng.SuiteRunnerWorker.runSuite(SuiteRunnerWorker.java:53)
at org.testng.SuiteRunnerWorker.run(SuiteRunnerWorker.java:96)
at org.testng.TestNG.runSuitesSequentially(TestNG.java:1218)
at org.testng.TestNG.runSuitesLocally(TestNG.java:1140)
at org.testng.TestNG.runSuites(TestNG.java:1069)
at org.testng.TestNG.run(TestNG.java:1037)
at org.testng.remote.AbstractRemoteTestNG.run(AbstractRemoteTestNG.java:115)
at org.testng.remote.RemoteTestNG.initAndRun(RemoteTestNG.java:251)
at org.testng.remote.RemoteTestNG.main(RemoteTestNG.java:77)
]]>
            </full-stacktrace>
          </exception> <!-- junit.framework.ComparisonFailure -->
          <reporter-output>
          </reporter-output>
        </test-method> <!-- basePageNavigation -->
        <test-method status="PASS" signature="Ending()[pri:0, instance:PracticeProject.ValidateTitle@5af3afd9]" name="Ending" is-config="true" duration-ms="241" started-at="2021-04-12T16:42:59 BDT" finished-at="2021-04-12T16:42:59 BDT">
          <reporter-output>
          </reporter-output>
        </test-method> <!-- Ending -->
      </class> <!-- PracticeProject.ValidateTitle -->
    </test> <!-- Validate The Title -->
  </suite> <!-- Suite -->
</testng-results>
