<?xml version="1.0" encoding="UTF-8"?>
<testng-results skipped="0" failed="1" ignored="0" total="4" passed="3">
  <reporter-output>
  </reporter-output>
  <suite name="Suite" duration-ms="196006" started-at="2021-04-12T17:10:37 BDT" finished-at="2021-04-12T17:13:53 BDT">
    <groups>
    </groups>
    <test name="Home page Login Perform" duration-ms="58374" started-at="2021-04-12T17:10:37 BDT" finished-at="2021-04-12T17:11:35 BDT">
      <class name="PracticeProject.HomePage">
        <test-method status="PASS" signature="initial()[pri:0, instance:PracticeProject.HomePage@441772e]" name="initial" is-config="true" duration-ms="4653" started-at="2021-04-12T17:10:37 BDT" finished-at="2021-04-12T17:10:42 BDT">
          <reporter-output>
          </reporter-output>
        </test-method> <!-- initial -->
        <test-method status="PASS" signature="basePageNavigation(java.lang.String, java.lang.String, java.lang.String)[pri:0, instance:PracticeProject.HomePage@441772e]" name="basePageNavigation" duration-ms="34901" started-at="2021-04-12T17:10:42 BDT" data-provider="getData" finished-at="2021-04-12T17:11:17 BDT">
          <params>
            <param index="0">
              <value>
                <![CDATA[suparnashil@gmail.com]]>
              </value>
            </param>
            <param index="1">
              <value>
                <![CDATA[1234567]]>
              </value>
            </param>
            <param index="2">
              <value>
                <![CDATA[Restricted]]>
              </value>
            </param>
          </params>
          <reporter-output>
          </reporter-output>
        </test-method> <!-- basePageNavigation -->
        <test-method status="PASS" signature="basePageNavigation(java.lang.String, java.lang.String, java.lang.String)[pri:0, instance:PracticeProject.HomePage@441772e]" name="basePageNavigation" duration-ms="18411" started-at="2021-04-12T17:11:17 BDT" data-provider="getData" finished-at="2021-04-12T17:11:35 BDT">
          <params>
            <param index="0">
              <value>
                <![CDATA[chaity@gmail.com]]>
              </value>
            </param>
            <param index="1">
              <value>
                <![CDATA[11111]]>
              </value>
            </param>
            <param index="2">
              <value>
                <![CDATA[Not Restricted]]>
              </value>
            </param>
          </params>
          <reporter-output>
          </reporter-output>
        </test-method> <!-- basePageNavigation -->
        <test-method status="PASS" signature="Ending()[pri:0, instance:PracticeProject.HomePage@441772e]" name="Ending" is-config="true" duration-ms="338" started-at="2021-04-12T17:11:35 BDT" finished-at="2021-04-12T17:11:35 BDT">
          <reporter-output>
          </reporter-output>
        </test-method> <!-- Ending -->
      </class> <!-- PracticeProject.HomePage -->
    </test> <!-- Home page Login Perform -->
    <test name="Validated The Navigation Bar" duration-ms="67050" started-at="2021-04-12T17:11:35 BDT" finished-at="2021-04-12T17:12:42 BDT">
      <class name="PracticeProject.ValidateNavbar">
        <test-method status="PASS" signature="initial()[pri:0, instance:PracticeProject.ValidateNavbar@4cc451f2]" name="initial" is-config="true" duration-ms="66435" started-at="2021-04-12T17:11:35 BDT" finished-at="2021-04-12T17:12:42 BDT">
          <reporter-output>
          </reporter-output>
        </test-method> <!-- initial -->
        <test-method status="PASS" signature="BasepageNavbar()[pri:0, instance:PracticeProject.ValidateNavbar@4cc451f2]" name="BasepageNavbar" duration-ms="179" started-at="2021-04-12T17:12:42 BDT" finished-at="2021-04-12T17:12:42 BDT">
          <reporter-output>
          </reporter-output>
        </test-method> <!-- BasepageNavbar -->
        <test-method status="PASS" signature="Ending()[pri:0, instance:PracticeProject.ValidateNavbar@4cc451f2]" name="Ending" is-config="true" duration-ms="427" started-at="2021-04-12T17:12:42 BDT" finished-at="2021-04-12T17:12:42 BDT">
          <reporter-output>
          </reporter-output>
        </test-method> <!-- Ending -->
      </class> <!-- PracticeProject.ValidateNavbar -->
    </test> <!-- Validated The Navigation Bar -->
    <test name="Validate The Title" duration-ms="70547" started-at="2021-04-12T17:12:42 BDT" finished-at="2021-04-12T17:13:53 BDT">
      <class name="PracticeProject.ValidateTitle">
        <test-method status="PASS" signature="initial()[pri:0, instance:PracticeProject.ValidateTitle@5876a9af]" name="initial" is-config="true" duration-ms="69401" started-at="2021-04-12T17:12:42 BDT" finished-at="2021-04-12T17:13:52 BDT">
          <reporter-output>
          </reporter-output>
        </test-method> <!-- initial -->
        <test-method status="FAIL" signature="basePageNavigation()[pri:0, instance:PracticeProject.ValidateTitle@5876a9af]" name="basePageNavigation" duration-ms="79" started-at="2021-04-12T17:13:52 BDT" finished-at="2021-04-12T17:13:52 BDT">
          <exception class="junit.framework.ComparisonFailure">
            <message>
              <![CDATA[expected:<...> but was:<... 123>]]>
            </message>
            <full-stacktrace>
              <![CDATA[junit.framework.ComparisonFailure: expected:<...> but was:<... 123>
at junit.framework.Assert.assertEquals(Assert.java:81)
at junit.framework.Assert.assertEquals(Assert.java:87)
at PracticeProject.ValidateTitle.basePageNavigation(ValidateTitle.java:36)
at sun.reflect.NativeMethodAccessorImpl.invoke0(Native Method)
at sun.reflect.NativeMethodAccessorImpl.invoke(NativeMethodAccessorImpl.java:62)
at sun.reflect.DelegatingMethodAccessorImpl.invoke(DelegatingMethodAccessorImpl.java:43)
at java.lang.reflect.Method.invoke(Method.java:498)
at org.testng.internal.MethodInvocationHelper.invokeMethod(MethodInvocationHelper.java:132)
at org.testng.internal.TestInvoker.invokeMethod(TestInvoker.java:599)
at org.testng.internal.TestInvoker.invokeTestMethod(TestInvoker.java:174)
at org.testng.internal.MethodRunner.runInSequence(MethodRunner.java:46)
at org.testng.internal.TestInvoker$MethodInvocationAgent.invoke(TestInvoker.java:822)
at org.testng.internal.TestInvoker.invokeTestMethods(TestInvoker.java:147)
at org.testng.internal.TestMethodWorker.invokeTestMethods(TestMethodWorker.java:146)
at org.testng.internal.TestMethodWorker.run(TestMethodWorker.java:128)
at java.util.ArrayList.forEach(ArrayList.java:1259)
at org.testng.TestRunner.privateRun(TestRunner.java:764)
at org.testng.TestRunner.run(TestRunner.java:585)
at org.testng.SuiteRunner.runTest(SuiteRunner.java:384)
at org.testng.SuiteRunner.runSequentially(SuiteRunner.java:378)
at org.testng.SuiteRunner.privateRun(SuiteRunner.java:337)
at org.testng.SuiteRunner.run(SuiteRunner.java:286)
at org.testng.SuiteRunnerWorker.runSuite(SuiteRunnerWorker.java:53)
at org.testng.SuiteRunnerWorker.run(SuiteRunnerWorker.java:96)
at org.testng.TestNG.runSuitesSequentially(TestNG.java:1218)
at org.testng.TestNG.runSuitesLocally(TestNG.java:1140)
at org.testng.TestNG.runSuites(TestNG.java:1069)
at org.testng.TestNG.run(TestNG.java:1037)
at org.testng.remote.AbstractRemoteTestNG.run(AbstractRemoteTestNG.java:115)
at org.testng.remote.RemoteTestNG.initAndRun(RemoteTestNG.java:251)
at org.testng.remote.RemoteTestNG.main(RemoteTestNG.java:77)
]]>
            </full-stacktrace>
          </exception> <!-- junit.framework.ComparisonFailure -->
          <reporter-output>
          </reporter-output>
        </test-method> <!-- basePageNavigation -->
        <test-method status="PASS" signature="Ending()[pri:0, instance:PracticeProject.ValidateTitle@5876a9af]" name="Ending" is-config="true" duration-ms="194" started-at="2021-04-12T17:13:53 BDT" finished-at="2021-04-12T17:13:53 BDT">
          <reporter-output>
          </reporter-output>
        </test-method> <!-- Ending -->
      </class> <!-- PracticeProject.ValidateTitle -->
    </test> <!-- Validate The Title -->
  </suite> <!-- Suite -->
</testng-results>
