<?xml version="1.0" encoding="UTF-8"?>
<!-- Generated by org.testng.reporters.JUnitXMLReporter -->
<testsuite hostname="DESKTOP-AL2CIG6" ignored="0" name="Test" tests="4" failures="0" timestamp="09 Apr 2021 11:48:17 GMT" time="210.56" errors="0">
  <testcase name="basePageNavigation" time="35.448" classname="PracticeProject.HomePage"/>
  <testcase name="basePageNavigation" time="83.675" classname="PracticeProject.HomePage"/>
  <testcase name="basePageNavigation" time="0.165" classname="PracticeProject.ValidateTitle"/>
  <testcase name="BasepageNavbar" time="0.477" classname="PracticeProject.ValidateNavbar"/>
</testsuite> <!-- Test -->
