<?xml version="1.0" encoding="UTF-8"?>
<!-- Generated by org.testng.reporters.JUnitXMLReporter -->
<testsuite hostname="DESKTOP-AL2CIG6" ignored="0" name="Validate The Title" tests="1" failures="1" timestamp="2021-04-12T16:42:59 BDT" time="29.37" errors="0">
  <testcase name="basePageNavigation" time="0.116" classname="PracticeProject.ValidateTitle">
    <failure type="junit.framework.ComparisonFailure" message="expected:&amp;lt;...&amp;gt; but was:&amp;lt;... 123&amp;gt;">
      <![CDATA[junit.framework.ComparisonFailure: expected:<...> but was:<... 123>
at junit.framework.Assert.assertEquals(Assert.java:81)
at junit.framework.Assert.assertEquals(Assert.java:87)
at PracticeProject.ValidateTitle.basePageNavigation(ValidateTitle.java:36)
at java.util.ArrayList.forEach(ArrayList.java:1259)
... Removed 27 stack frames]]>
    </failure>
  </testcase> <!-- basePageNavigation -->
</testsuite> <!-- Validate The Title -->
